Loading parameters
HarmonicBondForce
HarmonicAngleForce
HarmonicBondForce
PeriodicTorsionForce
CustomTorsionForce
CMAPTorsionForce
NonbondedForce
2532
0
[Quantity(value=-0.27, unit=elementary charge), Quantity(value=1.0, unit=nanometer), Quantity(value=0.0, unit=kilojoule/mole)]
1
[Quantity(value=-0.27, unit=elementary charge), Quantity(value=1.0, unit=nanometer), Quantity(value=0.0, unit=kilojoule/mole)]
2
[Quantity(value=0.09, unit=elementary charge), Quantity(value=1.0, unit=nanometer), Quantity(value=0.0, unit=kilojoule/mole)]
3
[Quantity(value=0.09, unit=elementary charge), Quantity(value=1.0, unit=nanometer), Quantity(value=0.0, unit=kilojoule/mole)]
4
[Quantity(value=0.09, unit=elementary charge), Quantity(value=1.0, unit=nanometer), Quantity(value=0.0, unit=kilojoule/mole)]
5
[Quantity(value=0.09, unit=elementary charge), Quantity(value=1.0, unit=nanometer), Quantity(value=0.0, unit=kilojoule/mole)]
6
[Quantity(value=0.09, unit=elementary charge), Quantity(value=1.0, unit=nanometer), Quantity(value=0.0, unit=kilojoule/mole)]
7
[Quantity(value=0.09, unit=elementary charge), Quantity(value=1.0, unit=nanometer), Quantity(value=0.0, unit=kilojoule/mole)]
8
[Quantity(value=-0.834, unit=elementary charge), Quantity(value=1.0, unit=nanometer), Quantity(value=0.0, unit=kilojoule/mole)]
9
[Quantity(value=0.417, unit=elementary charge), Quantity(value=1.0, unit=nanometer), Quantity(value=0.0, unit=kilojoule/mole)]
10
[Quantity(value=0.417, unit=elementary charge), Quantity(value=1.0, unit=nanometer), Quantity(value=0.0, unit=kilojoule/mole)]
11
[Quantity(value=-0.834, unit=elementary charge), Quantity(value=1.0, unit=nanometer), Quantity(value=0.0, unit=kilojoule/mole)]
12
[Quantity(value=0.417, unit=elementary charge), Quantity(value=1.0, unit=nanometer), Quantity(value=0.0, unit=kilojoule/mole)]
13
[Quantity(value=0.417, unit=elementary charge), Quantity(value=1.0, unit=nanometer), Quantity(value=0.0, unit=kilojoule/mole)]
14
[Quantity(value=-0.834, unit=elementary charge), Quantity(value=1.0, unit=nanometer), Quantity(value=0.0, unit=kilojoule/mole)]
15
[Quantity(value=0.417, unit=elementary charge), Quantity(value=1.0, unit=nanometer), Quantity(value=0.0, unit=kilojoule/mole)]
16
[Quantity(value=0.417, unit=elementary charge), Quantity(value=1.0, unit=nanometer), Quantity(value=0.0, unit=kilojoule/mole)]
17
[Quantity(value=-0.834, unit=elementary charge), Quantity(value=1.0, unit=nanometer), Quantity(value=0.0, unit=kilojoule/mole)]
18
[Quantity(value=0.417, unit=elementary charge), Quantity(value=1.0, unit=nanometer), Quantity(value=0.0, unit=kilojoule/mole)]
19
[Quantity(value=0.417, unit=elementary charge), Quantity(value=1.0, unit=nanometer), Quantity(value=0.0, unit=kilojoule/mole)]
CustomNonbondedForce
CMMotionRemover
HarmonicBondForce
HarmonicAngleForce
HarmonicBondForce
PeriodicTorsionForce
CustomTorsionForce
CMAPTorsionForce
NonbondedForce
2532
0
[Quantity(value=-0.27, unit=elementary charge), Quantity(value=0.0, unit=nanometer), Quantity(value=0.0, unit=kilojoule/mole)]
1
[Quantity(value=-0.27, unit=elementary charge), Quantity(value=0.0, unit=nanometer), Quantity(value=0.0, unit=kilojoule/mole)]
2
[Quantity(value=0.09, unit=elementary charge), Quantity(value=0.0, unit=nanometer), Quantity(value=0.0, unit=kilojoule/mole)]
3
[Quantity(value=0.09, unit=elementary charge), Quantity(value=0.0, unit=nanometer), Quantity(value=0.0, unit=kilojoule/mole)]
4
[Quantity(value=0.09, unit=elementary charge), Quantity(value=0.0, unit=nanometer), Quantity(value=0.0, unit=kilojoule/mole)]
5
[Quantity(value=0.09, unit=elementary charge), Quantity(value=0.0, unit=nanometer), Quantity(value=0.0, unit=kilojoule/mole)]
6
[Quantity(value=0.09, unit=elementary charge), Quantity(value=0.0, unit=nanometer), Quantity(value=0.0, unit=kilojoule/mole)]
7
[Quantity(value=0.09, unit=elementary charge), Quantity(value=0.0, unit=nanometer), Quantity(value=0.0, unit=kilojoule/mole)]
8
[Quantity(value=-0.834, unit=elementary charge), Quantity(value=0.0, unit=nanometer), Quantity(value=0.0, unit=kilojoule/mole)]
9
[Quantity(value=0.417, unit=elementary charge), Quantity(value=0.0, unit=nanometer), Quantity(value=0.0, unit=kilojoule/mole)]
10
[Quantity(value=0.417, unit=elementary charge), Quantity(value=0.0, unit=nanometer), Quantity(value=0.0, unit=kilojoule/mole)]
11
[Quantity(value=-0.834, unit=elementary charge), Quantity(value=0.0, unit=nanometer), Quantity(value=0.0, unit=kilojoule/mole)]
12
[Quantity(value=0.417, unit=elementary charge), Quantity(value=0.0, unit=nanometer), Quantity(value=0.0, unit=kilojoule/mole)]
13
[Quantity(value=0.417, unit=elementary charge), Quantity(value=0.0, unit=nanometer), Quantity(value=0.0, unit=kilojoule/mole)]
14
[Quantity(value=-0.834, unit=elementary charge), Quantity(value=0.0, unit=nanometer), Quantity(value=0.0, unit=kilojoule/mole)]
15
[Quantity(value=0.417, unit=elementary charge), Quantity(value=0.0, unit=nanometer), Quantity(value=0.0, unit=kilojoule/mole)]
16
[Quantity(value=0.417, unit=elementary charge), Quantity(value=0.0, unit=nanometer), Quantity(value=0.0, unit=kilojoule/mole)]
17
[Quantity(value=-0.834, unit=elementary charge), Quantity(value=0.0, unit=nanometer), Quantity(value=0.0, unit=kilojoule/mole)]
18
[Quantity(value=0.417, unit=elementary charge), Quantity(value=0.0, unit=nanometer), Quantity(value=0.0, unit=kilojoule/mole)]
19
[Quantity(value=0.417, unit=elementary charge), Quantity(value=0.0, unit=nanometer), Quantity(value=0.0, unit=kilojoule/mole)]
CustomNonbondedForce
CMMotionRemover
CustomNonbondedForce
CustomBondForce
CustomExternalForce

Initial system energy
-44376.630841172395 kJ/mol

Energy minimization: 5000 steps
-40565.10818890805 kJ/mol

Generate initial velocities

MD run: 25000 steps
